<?xml version="1.0" encoding="UTF-8"?>
<testsuite xmlns:xsi="http://www.w3.org/2001/XMLSchema-instance" xsi:noNamespaceSchemaLocation="https://maven.apache.org/surefire/maven-surefire-plugin/xsd/surefire-test-report-3.0.xsd" version="3.0" name="co.edu.unbosque.apeh.ApehApplicationTests" time="82.989" tests="1" errors="0" skipped="0" failures="0">
  <properties>
[...]
</properties>
  <testcase name="contextLoads" classname="co.edu.unbosque.apeh.ApehApplicationTests" time="1.169">
    <system-out><![CDATA[15:16:10.915 [main] INFO org.springframework.test.context.support.AnnotationConfigContextLoaderUtils -- Could not detect default configuration classes for test class [co.edu.unbosque.apeh.ApehApplicationTests]: ApehApplicationTests does not declare any static, non-private, non-final, nested classes annotated with @Configuration.
15:16:11.147 [main] INFO org.springframework.boot.test.context.SpringBootTestContextBootstrapper -- Found @SpringBootConfiguration co.edu.unbosque.apeh.ApehApplication for test class co.edu.unbosque.apeh.ApehApplicationTests

  .   ____          _            __ _ _
 /\\ / ___'_ __ _ _(_)_ __  __ _ \ \ \ \
( ( )\___ | '_ | '_| | '_ \/ _` | \ \ \ \
 \\/  ___)| |_)| | | | | || (_| |  ) ) ) )
  '  |____| .__|_| |_|_| |_\__, | / / / /
 =========|_|==============|___/=/_/_/_/
 :: Spring Boot ::                (v3.1.2)

2024-08-02T15:16:12.143-05:00  INFO 20768 --- [           main] c.e.unbosque.apeh.ApehApplicationTests   : Starting ApehApplicationTests using Java 17.0.7 with PID 20768 (started by Luis Castro in C:\Users\Luis Castro\Documents\UniversidadNoveno\ProyectoDe Grado\Ape-h-BackEnd)
2024-08-02T15:16:12.147-05:00  INFO 20768 --- [           main] c.e.unbosque.apeh.ApehApplicationTests   : No active profile set, falling back to 1 default profile: "default"
2024-08-02T15:16:14.160-05:00  INFO 20768 --- [           main] .s.d.r.c.RepositoryConfigurationDelegate : Bootstrapping Spring Data JPA repositories in DEFAULT mode.
2024-08-02T15:16:14.369-05:00  INFO 20768 --- [           main] .s.d.r.c.RepositoryConfigurationDelegate : Finished Spring Data repository scanning in 188 ms. Found 8 JPA repository interfaces.
2024-08-02T15:16:15.707-05:00  INFO 20768 --- [           main] o.hibernate.jpa.internal.util.LogHelper  : HHH000204: Processing PersistenceUnitInfo [name: default]
2024-08-02T15:16:15.864-05:00  INFO 20768 --- [           main] org.hibernate.Version                    : HHH000412: Hibernate ORM core version 6.2.6.Final
2024-08-02T15:16:15.870-05:00  INFO 20768 --- [           main] org.hibernate.cfg.Environment            : HHH000406: Using bytecode reflection optimizer
2024-08-02T15:16:16.403-05:00  INFO 20768 --- [           main] o.h.b.i.BytecodeProviderInitiator        : HHH000021: Bytecode provider name : bytebuddy
2024-08-02T15:16:16.779-05:00  INFO 20768 --- [           main] o.s.o.j.p.SpringPersistenceUnitInfo      : No LoadTimeWeaver setup: ignoring JPA class transformer
2024-08-02T15:16:16.824-05:00  INFO 20768 --- [           main] com.zaxxer.hikari.HikariDataSource       : HikariPool-1 - Starting...
2024-08-02T15:16:19.257-05:00  INFO 20768 --- [           main] com.zaxxer.hikari.pool.HikariPool        : HikariPool-1 - Added connection com.mysql.cj.jdbc.ConnectionImpl@79d4ff58
2024-08-02T15:16:19.262-05:00  INFO 20768 --- [           main] com.zaxxer.hikari.HikariDataSource       : HikariPool-1 - Start completed.
2024-08-02T15:16:19.977-05:00  INFO 20768 --- [           main] o.h.b.i.BytecodeProviderInitiator        : HHH000021: Bytecode provider name : bytebuddy
2024-08-02T15:16:21.263-05:00  INFO 20768 --- [           main] o.h.e.t.j.p.i.JtaPlatformInitiator       : HHH000490: Using JtaPlatform implementation: [org.hibernate.engine.transaction.jta.platform.internal.NoJtaPlatform]
Hibernate: alter table usuario modify column role  enum ('ADMIN','USER')
2024-08-02T15:17:30.725-05:00  INFO 20768 --- [           main] j.LocalContainerEntityManagerFactoryBean : Initialized JPA EntityManagerFactory for persistence unit 'default'
2024-08-02T15:17:31.173-05:00  INFO 20768 --- [           main] o.s.d.j.r.query.QueryEnhancerFactory     : Hibernate is in classpath; If applicable, HQL parser will be used.
2024-08-02T15:17:31.367-05:00  WARN 20768 --- [           main] JpaBaseConfiguration$JpaWebConfiguration : spring.jpa.open-in-view is enabled by default. Therefore, database queries may be performed during view rendering. Explicitly configure spring.jpa.open-in-view to disable this warning
2024-08-02T15:17:31.515-05:00  INFO 20768 --- [           main] o.s.s.web.DefaultSecurityFilterChain     : Will secure any request with [org.springframework.security.web.session.DisableEncodeUrlFilter@54fbaa65, org.springframework.security.web.context.request.async.WebAsyncManagerIntegrationFilter@48e3017a, org.springframework.security.web.context.SecurityContextHolderFilter@6414eb98, org.springframework.security.web.header.HeaderWriterFilter@603a34e5, org.springframework.security.web.authentication.logout.LogoutFilter@3bf4b018, co.edu.unbosque.apeh.Jwt.JwtAuthenticationFilter@70f0c352, org.springframework.security.web.savedrequest.RequestCacheAwareFilter@352d3749, org.springframework.security.web.servletapi.SecurityContextHolderAwareRequestFilter@538d2308, org.springframework.security.web.authentication.AnonymousAuthenticationFilter@4a937d43, org.springframework.security.web.session.SessionManagementFilter@1f4fa465, org.springframework.security.web.access.ExceptionTranslationFilter@75693526, org.springframework.security.web.access.intercept.AuthorizationFilter@74ed1d35]
2024-08-02T15:17:32.358-05:00  INFO 20768 --- [           main] c.e.unbosque.apeh.ApehApplicationTests   : Started ApehApplicationTests in 80.823 seconds (process running for 83.0)
]]></system-out>
  </testcase>
</testsuite>